0 info it worked if it ends with ok
1 verbose cli [ '/usr/bin/node', '/usr/bin/npm', 'run', 'coverage' ]
2 info using npm@3.5.2
3 info using node@v8.10.0
4 verbose run-script [ 'precoverage', 'coverage', 'postcoverage' ]
5 info lifecycle api@1.0.0~precoverage: api@1.0.0
6 silly lifecycle api@1.0.0~precoverage: no script for precoverage, continuing
7 info lifecycle api@1.0.0~coverage: api@1.0.0
8 verbose lifecycle api@1.0.0~coverage: unsafe-perm in lifecycle true
9 verbose lifecycle api@1.0.0~coverage: PATH: /usr/share/npm/bin/node-gyp-bin:/home/linux/GitProjects/GITHUB/AutoMart/node_modules/.bin:/home/linux/GitProjects/GITHUB/AutoMart/node_modules/.bin:/home/linux/.pyenv/plugins/pyenv-virtualenv/shims:/home/linux/.pyenv/shims:/home/linux/.pyenv/bin:/home/linux/.config/composer/vendor/bin:/home/linux/.local/bin:/usr/local/sbin:/usr/local/bin:/usr/sbin:/usr/bin:/sbin:/bin:/usr/games:/usr/local/games:/snap/bin
10 verbose lifecycle api@1.0.0~coverage: CWD: /home/linux/GitProjects/GITHUB/AutoMart
11 silly lifecycle api@1.0.0~coverage: Args: [ '-c',
11 silly lifecycle   'env COVERAGE=1 mocha -R html-cov > ./coverage/coverage.html && open ./coverage/coverage.html' ]
12 silly lifecycle api@1.0.0~coverage: Returned: code: 1  signal: null
13 info lifecycle api@1.0.0~coverage: Failed to exec coverage script
14 verbose stack Error: api@1.0.0 coverage: `env COVERAGE=1 mocha -R html-cov > ./coverage/coverage.html && open ./coverage/coverage.html`
14 verbose stack Exit status 1
14 verbose stack     at EventEmitter.<anonymous> (/usr/share/npm/lib/utils/lifecycle.js:232:16)
14 verbose stack     at emitTwo (events.js:126:13)
14 verbose stack     at EventEmitter.emit (events.js:214:7)
14 verbose stack     at ChildProcess.<anonymous> (/usr/share/npm/lib/utils/spawn.js:24:14)
14 verbose stack     at emitTwo (events.js:126:13)
14 verbose stack     at ChildProcess.emit (events.js:214:7)
14 verbose stack     at maybeClose (internal/child_process.js:925:16)
14 verbose stack     at Process.ChildProcess._handle.onexit (internal/child_process.js:209:5)
15 verbose pkgid api@1.0.0
16 verbose cwd /home/linux/GitProjects/GITHUB/AutoMart
17 error Linux 4.15.0-51-generic
18 error argv "/usr/bin/node" "/usr/bin/npm" "run" "coverage"
19 error node v8.10.0
20 error npm  v3.5.2
21 error code ELIFECYCLE
22 error api@1.0.0 coverage: `env COVERAGE=1 mocha -R html-cov > ./coverage/coverage.html && open ./coverage/coverage.html`
22 error Exit status 1
23 error Failed at the api@1.0.0 coverage script 'env COVERAGE=1 mocha -R html-cov > ./coverage/coverage.html && open ./coverage/coverage.html'.
23 error Make sure you have the latest version of node.js and npm installed.
23 error If you do, this is most likely a problem with the api package,
23 error not with npm itself.
23 error Tell the author that this fails on your system:
23 error     env COVERAGE=1 mocha -R html-cov > ./coverage/coverage.html && open ./coverage/coverage.html
23 error You can get information on how to open an issue for this project with:
23 error     npm bugs api
23 error Or if that isn't available, you can get their info via:
23 error     npm owner ls api
23 error There is likely additional logging output above.
24 verbose exit [ 1, true ]
